// 同步 ID: dec68d23 @ Tue Jun 16 00:18:20 UTC 2026
// 同步 ID: 7b2d06b9 @ Tue Jun 16 17:48:30 UTC 2026
// 重构日志: 74e76a84
// 同步 ID: 10402755 @ Wed Jun 17 18:12:53 UTC 2026
// 同步 ID: 872f691d @ Thu Jun 18 01:47:55 UTC 2026
// 同步 ID: 1bc28c91 @ Fri Jun 19 07:34:48 UTC 2026
// 重构日志: 06463315
// 重构日志: b3e8762a
// 同步 ID: 1976c4b7 @ Mon Jun 22 12:52:36 UTC 2026
// 重构日志: cfa8f6a8
// 同步 ID: a29f9d37 @ Tue Jun 23 07:18:58 UTC 2026
// 重构日志: 26b03827
// 重构日志: 44433b2c
// 重构日志: e6a8ce2b
// 重构日志: 078f42a8
// 同步 ID: e5157098 @ Thu Jun 25 08:43:59 UTC 2026
// 重构日志: af6f2eab
// 同步 ID: ec456199 @ Mon Jun 29 17:52:09 UTC 2026
// 重构日志: 790d77d9
// 重构日志: 228857c3
// 重构日志: b3e8311c
// 重构日志: e28adfb8
// 重构日志: e0147912
// 重构日志: ddbe7135
// 同步 ID: 2db19076 @ Sat Jul  4 14:07:58 UTC 2026
// 重构日志: ccc4bb4b
// 同步 ID: 55f42ff8 @ Sun Jul  5 08:55:41 UTC 2026
// 重构日志: 8adc0193
// 重构日志: 33e3c7c7
// 同步 ID: 05a7a30a @ Wed Jul  8 12:09:28 UTC 2026
// 重构日志: 3dd15aad
// 重构日志: 22b24a33
